2020-03-24 18:00:00,506 - root - INFO - ------------------ Configuration ------------------
2020-03-24 18:00:00,507 - root - INFO - Configuration file: /global/u1/j/jpathak/DDP_UNet/config/UNet.yaml
2020-03-24 18:00:00,507 - root - INFO - Configuration name: default
2020-03-24 18:00:00,511 - root - INFO - weight_init ordereddict([('conv_init', 'normal'), ('conv_scale', 0.02), ('conv_bias', 0.0)])
2020-03-24 18:00:00,511 - root - INFO - lr 0.0001
2020-03-24 18:00:00,511 - root - INFO - data_path /global/cscratch1/sd/jpathak/rbc2d/rbcTrainingData.h5
2020-03-24 18:00:00,511 - root - INFO - ngpu 1
2020-03-24 18:00:00,511 - root - INFO - num_epochs 2
2020-03-24 18:00:00,511 - root - INFO - num_data_workers 1
2020-03-24 18:00:00,511 - root - INFO - LAMBDA_2 0.01
2020-03-24 18:00:00,511 - root - INFO - N_out_channels 5
2020-03-24 18:00:00,512 - root - INFO - batch_size 1
2020-03-24 18:00:00,512 - root - INFO - ---------------------------------------------------
2020-03-24 18:00:00,513 - root - INFO - rank 0, begin data loader init
2020-03-24 18:00:00,515 - root - INFO - ------------------ Configuration ------------------
2020-03-24 18:00:00,515 - root - INFO - Configuration file: /global/u1/j/jpathak/DDP_UNet/config/UNet.yaml
2020-03-24 18:00:00,515 - root - INFO - Configuration name: default
2020-03-24 18:00:00,515 - root - INFO - ------------------ Configuration ------------------
2020-03-24 18:00:00,516 - root - INFO - Configuration file: /global/u1/j/jpathak/DDP_UNet/config/UNet.yaml
2020-03-24 18:00:00,516 - root - INFO - Configuration name: default
2020-03-24 18:00:00,516 - root - INFO - ------------------ Configuration ------------------
2020-03-24 18:00:00,516 - root - INFO - Configuration file: /global/u1/j/jpathak/DDP_UNet/config/UNet.yaml
2020-03-24 18:00:00,516 - root - INFO - Configuration name: default
2020-03-24 18:00:00,516 - root - INFO - ------------------ Configuration ------------------
2020-03-24 18:00:00,516 - root - INFO - Configuration file: /global/u1/j/jpathak/DDP_UNet/config/UNet.yaml
2020-03-24 18:00:00,516 - root - INFO - Configuration name: default
2020-03-24 18:00:00,519 - root - INFO - weight_init ordereddict([('conv_init', 'normal'), ('conv_scale', 0.02), ('conv_bias', 0.0)])
2020-03-24 18:00:00,519 - root - INFO - lr 0.0001
2020-03-24 18:00:00,519 - root - INFO - data_path /global/cscratch1/sd/jpathak/rbc2d/rbcTrainingData.h5
2020-03-24 18:00:00,519 - root - INFO - ngpu 1
2020-03-24 18:00:00,519 - root - INFO - num_epochs 2
2020-03-24 18:00:00,519 - root - INFO - num_data_workers 1
2020-03-24 18:00:00,519 - root - INFO - LAMBDA_2 0.01
2020-03-24 18:00:00,519 - root - INFO - N_out_channels 5
2020-03-24 18:00:00,519 - root - INFO - weight_init ordereddict([('conv_init', 'normal'), ('conv_scale', 0.02), ('conv_bias', 0.0)])
2020-03-24 18:00:00,520 - root - INFO - batch_size 1
2020-03-24 18:00:00,520 - root - INFO - weight_init ordereddict([('conv_init', 'normal'), ('conv_scale', 0.02), ('conv_bias', 0.0)])
2020-03-24 18:00:00,520 - root - INFO - lr 0.0001
2020-03-24 18:00:00,520 - root - INFO - ---------------------------------------------------
2020-03-24 18:00:00,520 - root - INFO - data_path /global/cscratch1/sd/jpathak/rbc2d/rbcTrainingData.h5
2020-03-24 18:00:00,520 - root - INFO - lr 0.0001
2020-03-24 18:00:00,520 - root - INFO - ngpu 1
2020-03-24 18:00:00,520 - root - INFO - data_path /global/cscratch1/sd/jpathak/rbc2d/rbcTrainingData.h5
2020-03-24 18:00:00,520 - root - INFO - num_epochs 2
2020-03-24 18:00:00,520 - root - INFO - ngpu 1
2020-03-24 18:00:00,520 - root - INFO - num_data_workers 1
2020-03-24 18:00:00,520 - root - INFO - num_epochs 2
2020-03-24 18:00:00,520 - root - INFO - LAMBDA_2 0.01
2020-03-24 18:00:00,520 - root - INFO - num_data_workers 1
2020-03-24 18:00:00,520 - root - INFO - N_out_channels 5
2020-03-24 18:00:00,520 - root - INFO - LAMBDA_2 0.01
2020-03-24 18:00:00,520 - root - INFO - batch_size 1
2020-03-24 18:00:00,520 - root - INFO - N_out_channels 5
2020-03-24 18:00:00,520 - root - INFO - ---------------------------------------------------
2020-03-24 18:00:00,520 - root - INFO - batch_size 1
2020-03-24 18:00:00,520 - root - INFO - ---------------------------------------------------
2020-03-24 18:00:00,521 - root - INFO - rank 0, begin data loader init
2020-03-24 18:00:00,521 - root - INFO - weight_init ordereddict([('conv_init', 'normal'), ('conv_scale', 0.02), ('conv_bias', 0.0)])
2020-03-24 18:00:00,521 - root - INFO - lr 0.0001
2020-03-24 18:00:00,521 - root - INFO - data_path /global/cscratch1/sd/jpathak/rbc2d/rbcTrainingData.h5
2020-03-24 18:00:00,521 - root - INFO - ngpu 1
2020-03-24 18:00:00,521 - root - INFO - num_epochs 2
2020-03-24 18:00:00,521 - root - INFO - num_data_workers 1
2020-03-24 18:00:00,521 - root - INFO - rank 0, begin data loader init
2020-03-24 18:00:00,521 - root - INFO - LAMBDA_2 0.01
2020-03-24 18:00:00,521 - root - INFO - N_out_channels 5
2020-03-24 18:00:00,521 - root - INFO - batch_size 1
2020-03-24 18:00:00,521 - root - INFO - ---------------------------------------------------
2020-03-24 18:00:00,522 - root - INFO - rank 0, begin data loader init
2020-03-24 18:00:00,522 - root - INFO - ------------------ Configuration ------------------
2020-03-24 18:00:00,522 - root - INFO - Configuration file: /global/u1/j/jpathak/DDP_UNet/config/UNet.yaml
2020-03-24 18:00:00,522 - root - INFO - Configuration name: default
2020-03-24 18:00:00,523 - root - INFO - rank 0, begin data loader init
2020-03-24 18:00:00,527 - root - INFO - weight_init ordereddict([('conv_init', 'normal'), ('conv_scale', 0.02), ('conv_bias', 0.0)])
2020-03-24 18:00:00,527 - root - INFO - lr 0.0001
2020-03-24 18:00:00,527 - root - INFO - data_path /global/cscratch1/sd/jpathak/rbc2d/rbcTrainingData.h5
2020-03-24 18:00:00,527 - root - INFO - ngpu 1
2020-03-24 18:00:00,527 - root - INFO - num_epochs 2
2020-03-24 18:00:00,527 - root - INFO - num_data_workers 1
2020-03-24 18:00:00,527 - root - INFO - LAMBDA_2 0.01
2020-03-24 18:00:00,527 - root - INFO - N_out_channels 5
2020-03-24 18:00:00,527 - root - INFO - batch_size 1
2020-03-24 18:00:00,527 - root - INFO - ---------------------------------------------------
2020-03-24 18:00:00,531 - root - INFO - rank 0, begin data loader init
2020-03-24 18:00:00,558 - root - INFO - ------------------ Configuration ------------------
2020-03-24 18:00:00,558 - root - INFO - Configuration file: /global/u1/j/jpathak/DDP_UNet/config/UNet.yaml
2020-03-24 18:00:00,558 - root - INFO - Configuration name: default
2020-03-24 18:00:00,558 - root - INFO - ------------------ Configuration ------------------
2020-03-24 18:00:00,559 - root - INFO - Configuration file: /global/u1/j/jpathak/DDP_UNet/config/UNet.yaml
2020-03-24 18:00:00,559 - root - INFO - Configuration name: default
2020-03-24 18:00:00,563 - root - INFO - weight_init ordereddict([('conv_init', 'normal'), ('conv_scale', 0.02), ('conv_bias', 0.0)])
2020-03-24 18:00:00,563 - root - INFO - lr 0.0001
2020-03-24 18:00:00,563 - root - INFO - data_path /global/cscratch1/sd/jpathak/rbc2d/rbcTrainingData.h5
2020-03-24 18:00:00,563 - root - INFO - ngpu 1
2020-03-24 18:00:00,563 - root - INFO - num_epochs 2
2020-03-24 18:00:00,563 - root - INFO - num_data_workers 1
2020-03-24 18:00:00,563 - root - INFO - LAMBDA_2 0.01
2020-03-24 18:00:00,563 - root - INFO - N_out_channels 5
2020-03-24 18:00:00,563 - root - INFO - weight_init ordereddict([('conv_init', 'normal'), ('conv_scale', 0.02), ('conv_bias', 0.0)])
2020-03-24 18:00:00,563 - root - INFO - batch_size 1
2020-03-24 18:00:00,563 - root - INFO - ---------------------------------------------------
2020-03-24 18:00:00,563 - root - INFO - lr 0.0001
2020-03-24 18:00:00,563 - root - INFO - data_path /global/cscratch1/sd/jpathak/rbc2d/rbcTrainingData.h5
2020-03-24 18:00:00,563 - root - INFO - ngpu 1
2020-03-24 18:00:00,563 - root - INFO - num_epochs 2
2020-03-24 18:00:00,563 - root - INFO - num_data_workers 1
2020-03-24 18:00:00,563 - root - INFO - LAMBDA_2 0.01
2020-03-24 18:00:00,563 - root - INFO - N_out_channels 5
2020-03-24 18:00:00,563 - root - INFO - batch_size 1
2020-03-24 18:00:00,563 - root - INFO - ---------------------------------------------------
2020-03-24 18:00:00,564 - root - INFO - rank 0, begin data loader init
2020-03-24 18:00:00,565 - root - INFO - rank 0, begin data loader init
2020-03-24 18:03:13,927 - root - INFO - ------------------ Configuration ------------------
2020-03-24 18:03:13,927 - root - INFO - Configuration file: /global/u1/j/jpathak/DDP_UNet/config/UNet.yaml
2020-03-24 18:03:13,927 - root - INFO - Configuration name: default
2020-03-24 18:03:13,930 - root - INFO - weight_init ordereddict([('conv_init', 'normal'), ('conv_scale', 0.02), ('conv_bias', 0.0)])
2020-03-24 18:03:13,931 - root - INFO - lr 0.0001
2020-03-24 18:03:13,931 - root - INFO - data_path /global/cscratch1/sd/jpathak/rbc2d/rbcTrainingData.h5
2020-03-24 18:03:13,931 - root - INFO - ngpu 1
2020-03-24 18:03:13,931 - root - INFO - num_epochs 2
2020-03-24 18:03:13,931 - root - INFO - num_data_workers 1
2020-03-24 18:03:13,931 - root - INFO - LAMBDA_2 0.01
2020-03-24 18:03:13,931 - root - INFO - N_out_channels 5
2020-03-24 18:03:13,931 - root - INFO - batch_size 1
2020-03-24 18:03:13,931 - root - INFO - ---------------------------------------------------
2020-03-24 18:03:13,933 - root - INFO - rank 0, begin data loader init
2020-03-24 18:03:13,934 - root - INFO - ------------------ Configuration ------------------
2020-03-24 18:03:13,935 - root - INFO - Configuration file: /global/u1/j/jpathak/DDP_UNet/config/UNet.yaml
2020-03-24 18:03:13,935 - root - INFO - Configuration name: default
2020-03-24 18:03:13,935 - root - INFO - ------------------ Configuration ------------------
2020-03-24 18:03:13,935 - root - INFO - Configuration file: /global/u1/j/jpathak/DDP_UNet/config/UNet.yaml
2020-03-24 18:03:13,935 - root - INFO - Configuration name: default
2020-03-24 18:03:13,935 - root - INFO - ------------------ Configuration ------------------
2020-03-24 18:03:13,935 - root - INFO - Configuration file: /global/u1/j/jpathak/DDP_UNet/config/UNet.yaml
2020-03-24 18:03:13,935 - root - INFO - Configuration name: default
2020-03-24 18:03:13,935 - root - INFO - ------------------ Configuration ------------------
2020-03-24 18:03:13,936 - root - INFO - Configuration file: /global/u1/j/jpathak/DDP_UNet/config/UNet.yaml
2020-03-24 18:03:13,936 - root - INFO - Configuration name: default
2020-03-24 18:03:13,938 - root - INFO - weight_init ordereddict([('conv_init', 'normal'), ('conv_scale', 0.02), ('conv_bias', 0.0)])
2020-03-24 18:03:13,938 - root - INFO - lr 0.0001
2020-03-24 18:03:13,938 - root - INFO - data_path /global/cscratch1/sd/jpathak/rbc2d/rbcTrainingData.h5
2020-03-24 18:03:13,938 - root - INFO - ngpu 1
2020-03-24 18:03:13,938 - root - INFO - num_epochs 2
2020-03-24 18:03:13,938 - root - INFO - num_data_workers 1
2020-03-24 18:03:13,938 - root - INFO - LAMBDA_2 0.01
2020-03-24 18:03:13,939 - root - INFO - N_out_channels 5
2020-03-24 18:03:13,939 - root - INFO - batch_size 1
2020-03-24 18:03:13,939 - root - INFO - ---------------------------------------------------
2020-03-24 18:03:13,939 - root - INFO - weight_init ordereddict([('conv_init', 'normal'), ('conv_scale', 0.02), ('conv_bias', 0.0)])
2020-03-24 18:03:13,939 - root - INFO - weight_init ordereddict([('conv_init', 'normal'), ('conv_scale', 0.02), ('conv_bias', 0.0)])
2020-03-24 18:03:13,939 - root - INFO - lr 0.0001
2020-03-24 18:03:13,939 - root - INFO - data_path /global/cscratch1/sd/jpathak/rbc2d/rbcTrainingData.h5
2020-03-24 18:03:13,939 - root - INFO - lr 0.0001
2020-03-24 18:03:13,939 - root - INFO - ngpu 1
2020-03-24 18:03:13,939 - root - INFO - data_path /global/cscratch1/sd/jpathak/rbc2d/rbcTrainingData.h5
2020-03-24 18:03:13,939 - root - INFO - num_epochs 2
2020-03-24 18:03:13,939 - root - INFO - ngpu 1
2020-03-24 18:03:13,939 - root - INFO - num_data_workers 1
2020-03-24 18:03:13,939 - root - INFO - num_epochs 2
2020-03-24 18:03:13,939 - root - INFO - LAMBDA_2 0.01
2020-03-24 18:03:13,939 - root - INFO - num_data_workers 1
2020-03-24 18:03:13,939 - root - INFO - N_out_channels 5
2020-03-24 18:03:13,939 - root - INFO - LAMBDA_2 0.01
2020-03-24 18:03:13,939 - root - INFO - batch_size 1
2020-03-24 18:03:13,939 - root - INFO - N_out_channels 5
2020-03-24 18:03:13,939 - root - INFO - ---------------------------------------------------
2020-03-24 18:03:13,939 - root - INFO - weight_init ordereddict([('conv_init', 'normal'), ('conv_scale', 0.02), ('conv_bias', 0.0)])
2020-03-24 18:03:13,940 - root - INFO - batch_size 1
2020-03-24 18:03:13,940 - root - INFO - lr 0.0001
2020-03-24 18:03:13,940 - root - INFO - ---------------------------------------------------
2020-03-24 18:03:13,940 - root - INFO - data_path /global/cscratch1/sd/jpathak/rbc2d/rbcTrainingData.h5
2020-03-24 18:03:13,940 - root - INFO - ngpu 1
2020-03-24 18:03:13,940 - root - INFO - num_epochs 2
2020-03-24 18:03:13,940 - root - INFO - num_data_workers 1
2020-03-24 18:03:13,940 - root - INFO - LAMBDA_2 0.01
2020-03-24 18:03:13,940 - root - INFO - N_out_channels 5
2020-03-24 18:03:13,940 - root - INFO - batch_size 1
2020-03-24 18:03:13,940 - root - INFO - ---------------------------------------------------
2020-03-24 18:03:13,940 - root - INFO - rank 0, begin data loader init
2020-03-24 18:03:13,942 - root - INFO - rank 0, begin data loader init
2020-03-24 18:03:13,942 - root - INFO - rank 0, begin data loader init
2020-03-24 18:03:13,942 - root - INFO - rank 0, begin data loader init
2020-03-24 18:03:14,224 - root - INFO - ------------------ Configuration ------------------
2020-03-24 18:03:14,224 - root - INFO - Configuration file: /global/u1/j/jpathak/DDP_UNet/config/UNet.yaml
2020-03-24 18:03:14,224 - root - INFO - Configuration name: default
2020-03-24 18:03:14,228 - root - INFO - weight_init ordereddict([('conv_init', 'normal'), ('conv_scale', 0.02), ('conv_bias', 0.0)])
2020-03-24 18:03:14,229 - root - INFO - lr 0.0001
2020-03-24 18:03:14,229 - root - INFO - data_path /global/cscratch1/sd/jpathak/rbc2d/rbcTrainingData.h5
2020-03-24 18:03:14,229 - root - INFO - ngpu 1
2020-03-24 18:03:14,229 - root - INFO - num_epochs 2
2020-03-24 18:03:14,229 - root - INFO - num_data_workers 1
2020-03-24 18:03:14,229 - root - INFO - LAMBDA_2 0.01
2020-03-24 18:03:14,229 - root - INFO - N_out_channels 5
2020-03-24 18:03:14,229 - root - INFO - batch_size 1
2020-03-24 18:03:14,229 - root - INFO - ---------------------------------------------------
2020-03-24 18:03:14,230 - root - INFO - rank 0, begin data loader init
2020-03-24 18:03:14,319 - root - INFO - ------------------ Configuration ------------------
2020-03-24 18:03:14,320 - root - INFO - Configuration file: /global/u1/j/jpathak/DDP_UNet/config/UNet.yaml
2020-03-24 18:03:14,320 - root - INFO - Configuration name: default
2020-03-24 18:03:14,323 - root - INFO - weight_init ordereddict([('conv_init', 'normal'), ('conv_scale', 0.02), ('conv_bias', 0.0)])
2020-03-24 18:03:14,323 - root - INFO - lr 0.0001
2020-03-24 18:03:14,323 - root - INFO - data_path /global/cscratch1/sd/jpathak/rbc2d/rbcTrainingData.h5
2020-03-24 18:03:14,323 - root - INFO - ngpu 1
2020-03-24 18:03:14,323 - root - INFO - num_epochs 2
2020-03-24 18:03:14,323 - root - INFO - num_data_workers 1
2020-03-24 18:03:14,323 - root - INFO - LAMBDA_2 0.01
2020-03-24 18:03:14,323 - root - INFO - N_out_channels 5
2020-03-24 18:03:14,324 - root - INFO - batch_size 1
2020-03-24 18:03:14,324 - root - INFO - ---------------------------------------------------
2020-03-24 18:03:14,325 - root - INFO - rank 0, begin data loader init
2020-03-24 18:03:14,444 - root - INFO - ------------------ Configuration ------------------
2020-03-24 18:03:14,444 - root - INFO - Configuration file: /global/u1/j/jpathak/DDP_UNet/config/UNet.yaml
2020-03-24 18:03:14,444 - root - INFO - Configuration name: default
2020-03-24 18:03:14,448 - root - INFO - weight_init ordereddict([('conv_init', 'normal'), ('conv_scale', 0.02), ('conv_bias', 0.0)])
2020-03-24 18:03:14,448 - root - INFO - lr 0.0001
2020-03-24 18:03:14,448 - root - INFO - data_path /global/cscratch1/sd/jpathak/rbc2d/rbcTrainingData.h5
2020-03-24 18:03:14,448 - root - INFO - ngpu 1
2020-03-24 18:03:14,448 - root - INFO - num_epochs 2
2020-03-24 18:03:14,448 - root - INFO - num_data_workers 1
2020-03-24 18:03:14,448 - root - INFO - LAMBDA_2 0.01
2020-03-24 18:03:14,448 - root - INFO - N_out_channels 5
2020-03-24 18:03:14,448 - root - INFO - batch_size 1
2020-03-24 18:03:14,448 - root - INFO - ---------------------------------------------------
2020-03-24 18:03:14,450 - root - INFO - rank 0, begin data loader init
2020-03-24 18:03:25,381 - root - INFO - rank 0, data loader initialized
2020-03-24 18:03:25,381 - root - INFO - rank 0, data loader initialized
2020-03-24 18:03:25,382 - root - INFO - rank 0, data loader initialized
2020-03-24 18:03:25,383 - root - INFO - rank 0, data loader initialized
2020-03-24 18:03:25,384 - root - INFO - rank 0, data loader initialized
2020-03-24 18:03:25,385 - root - INFO - rank 0, data loader initialized
2020-03-24 18:03:25,385 - root - INFO - rank 0, data loader initialized
2020-03-24 18:03:25,385 - root - INFO - rank 0, data loader initialized
2020-03-24 18:03:33,703 - root - INFO - UNet(
  (conv_down1): Sequential(
    (0): Conv2d(4, 64, kernel_size=(4, 4), stride=(2, 2), padding=(1, 1))
    (1): LeakyReLU(negative_slope=0.01, inplace=True)
  )
  (conv_down2): Sequential(
    (0): Conv2d(64, 128, kernel_size=(4, 4), stride=(2, 2), padding=(1, 1))
    (1): LeakyReLU(negative_slope=0.01, inplace=True)
  )
  (conv_down3): Sequential(
    (0): Conv2d(128, 256, kernel_size=(4, 4), stride=(2, 2), padding=(1, 1))
    (1): LeakyReLU(negative_slope=0.01, inplace=True)
  )
  (conv_down4): Sequential(
    (0): Conv2d(256, 512, kernel_size=(4, 4), stride=(2, 2), padding=(1, 1))
    (1): LeakyReLU(negative_slope=0.01, inplace=True)
  )
  (conv_down5): Sequential(
    (0): Conv2d(512, 512, kernel_size=(4, 4), stride=(2, 2), padding=(1, 1))
    (1): LeakyReLU(negative_slope=0.01, inplace=True)
  )
  (conv_down6): Sequential(
    (0): Conv2d(512, 512, kernel_size=(4, 4), stride=(2, 2), padding=(1, 1))
    (1): LeakyReLU(negative_slope=0.01, inplace=True)
  )
  (conv_up6): Sequential(
    (0): ConvTranspose2d(512, 512, kernel_size=(4, 4), stride=(2, 2), padding=(1, 1))
    (1): ReLU(inplace=True)
  )
  (conv_up5): Sequential(
    (0): ConvTranspose2d(1024, 512, kernel_size=(4, 4), stride=(2, 2), padding=(1, 1))
    (1): ReLU(inplace=True)
  )
  (conv_up4): Sequential(
    (0): ConvTranspose2d(1024, 256, kernel_size=(4, 4), stride=(2, 2), padding=(1, 1))
    (1): ReLU(inplace=True)
  )
  (conv_up3): Sequential(
    (0): ConvTranspose2d(512, 128, kernel_size=(4, 4), stride=(2, 2), padding=(1, 1))
    (1): ReLU(inplace=True)
  )
  (conv_up2): Sequential(
    (0): ConvTranspose2d(256, 64, kernel_size=(4, 4), stride=(2, 2), padding=(1, 1))
    (1): ReLU(inplace=True)
  )
  (conv_last): ConvTranspose2d(128, 5, kernel_size=(4, 4), stride=(2, 2), padding=(1, 1))
)
2020-03-24 18:03:33,703 - root - INFO - Starting Training Loop...
2020-03-24 18:03:33,705 - root - INFO - UNet(
  (conv_down1): Sequential(
    (0): Conv2d(4, 64, kernel_size=(4, 4), stride=(2, 2), padding=(1, 1))
    (1): LeakyReLU(negative_slope=0.01, inplace=True)
  )
  (conv_down2): Sequential(
    (0): Conv2d(64, 128, kernel_size=(4, 4), stride=(2, 2), padding=(1, 1))
    (1): LeakyReLU(negative_slope=0.01, inplace=True)
  )
  (conv_down3): Sequential(
    (0): Conv2d(128, 256, kernel_size=(4, 4), stride=(2, 2), padding=(1, 1))
    (1): LeakyReLU(negative_slope=0.01, inplace=True)
  )
  (conv_down4): Sequential(
    (0): Conv2d(256, 512, kernel_size=(4, 4), stride=(2, 2), padding=(1, 1))
    (1): LeakyReLU(negative_slope=0.01, inplace=True)
  )
  (conv_down5): Sequential(
    (0): Conv2d(512, 512, kernel_size=(4, 4), stride=(2, 2), padding=(1, 1))
    (1): LeakyReLU(negative_slope=0.01, inplace=True)
  )
  (conv_down6): Sequential(
    (0): Conv2d(512, 512, kernel_size=(4, 4), stride=(2, 2), padding=(1, 1))
    (1): LeakyReLU(negative_slope=0.01, inplace=True)
  )
  (conv_up6): Sequential(
    (0): ConvTranspose2d(512, 512, kernel_size=(4, 4), stride=(2, 2), padding=(1, 1))
    (1): ReLU(inplace=True)
  )
  (conv_up5): Sequential(
    (0): ConvTranspose2d(1024, 512, kernel_size=(4, 4), stride=(2, 2), padding=(1, 1))
    (1): ReLU(inplace=True)
  )
  (conv_up4): Sequential(
    (0): ConvTranspose2d(1024, 256, kernel_size=(4, 4), stride=(2, 2), padding=(1, 1))
    (1): ReLU(inplace=True)
  )
  (conv_up3): Sequential(
    (0): ConvTranspose2d(512, 128, kernel_size=(4, 4), stride=(2, 2), padding=(1, 1))
    (1): ReLU(inplace=True)
  )
  (conv_up2): Sequential(
    (0): ConvTranspose2d(256, 64, kernel_size=(4, 4), stride=(2, 2), padding=(1, 1))
    (1): ReLU(inplace=True)
  )
  (conv_last): ConvTranspose2d(128, 5, kernel_size=(4, 4), stride=(2, 2), padding=(1, 1))
)
2020-03-24 18:03:33,705 - root - INFO - Starting Training Loop...
2020-03-24 18:03:33,705 - root - INFO - UNet(
  (conv_down1): Sequential(
    (0): Conv2d(4, 64, kernel_size=(4, 4), stride=(2, 2), padding=(1, 1))
    (1): LeakyReLU(negative_slope=0.01, inplace=True)
  )
  (conv_down2): Sequential(
    (0): Conv2d(64, 128, kernel_size=(4, 4), stride=(2, 2), padding=(1, 1))
    (1): LeakyReLU(negative_slope=0.01, inplace=True)
  )
  (conv_down3): Sequential(
    (0): Conv2d(128, 256, kernel_size=(4, 4), stride=(2, 2), padding=(1, 1))
    (1): LeakyReLU(negative_slope=0.01, inplace=True)
  )
  (conv_down4): Sequential(
    (0): Conv2d(256, 512, kernel_size=(4, 4), stride=(2, 2), padding=(1, 1))
    (1): LeakyReLU(negative_slope=0.01, inplace=True)
  )
  (conv_down5): Sequential(
    (0): Conv2d(512, 512, kernel_size=(4, 4), stride=(2, 2), padding=(1, 1))
    (1): LeakyReLU(negative_slope=0.01, inplace=True)
  )
  (conv_down6): Sequential(
    (0): Conv2d(512, 512, kernel_size=(4, 4), stride=(2, 2), padding=(1, 1))
    (1): LeakyReLU(negative_slope=0.01, inplace=True)
  )
  (conv_up6): Sequential(
    (0): ConvTranspose2d(512, 512, kernel_size=(4, 4), stride=(2, 2), padding=(1, 1))
    (1): ReLU(inplace=True)
  )
  (conv_up5): Sequential(
    (0): ConvTranspose2d(1024, 512, kernel_size=(4, 4), stride=(2, 2), padding=(1, 1))
    (1): ReLU(inplace=True)
  )
  (conv_up4): Sequential(
    (0): ConvTranspose2d(1024, 256, kernel_size=(4, 4), stride=(2, 2), padding=(1, 1))
    (1): ReLU(inplace=True)
  )
  (conv_up3): Sequential(
    (0): ConvTranspose2d(512, 128, kernel_size=(4, 4), stride=(2, 2), padding=(1, 1))
    (1): ReLU(inplace=True)
  )
  (conv_up2): Sequential(
    (0): ConvTranspose2d(256, 64, kernel_size=(4, 4), stride=(2, 2), padding=(1, 1))
    (1): ReLU(inplace=True)
  )
  (conv_last): ConvTranspose2d(128, 5, kernel_size=(4, 4), stride=(2, 2), padding=(1, 1))
)
2020-03-24 18:03:33,706 - root - INFO - Starting Training Loop...
2020-03-24 18:03:33,707 - root - INFO - UNet(
  (conv_down1): Sequential(
    (0): Conv2d(4, 64, kernel_size=(4, 4), stride=(2, 2), padding=(1, 1))
    (1): LeakyReLU(negative_slope=0.01, inplace=True)
  )
  (conv_down2): Sequential(
    (0): Conv2d(64, 128, kernel_size=(4, 4), stride=(2, 2), padding=(1, 1))
    (1): LeakyReLU(negative_slope=0.01, inplace=True)
  )
  (conv_down3): Sequential(
    (0): Conv2d(128, 256, kernel_size=(4, 4), stride=(2, 2), padding=(1, 1))
    (1): LeakyReLU(negative_slope=0.01, inplace=True)
  )
  (conv_down4): Sequential(
    (0): Conv2d(256, 512, kernel_size=(4, 4), stride=(2, 2), padding=(1, 1))
    (1): LeakyReLU(negative_slope=0.01, inplace=True)
  )
  (conv_down5): Sequential(
    (0): Conv2d(512, 512, kernel_size=(4, 4), stride=(2, 2), padding=(1, 1))
    (1): LeakyReLU(negative_slope=0.01, inplace=True)
  )
  (conv_down6): Sequential(
    (0): Conv2d(512, 512, kernel_size=(4, 4), stride=(2, 2), padding=(1, 1))
    (1): LeakyReLU(negative_slope=0.01, inplace=True)
  )
  (conv_up6): Sequential(
    (0): ConvTranspose2d(512, 512, kernel_size=(4, 4), stride=(2, 2), padding=(1, 1))
    (1): ReLU(inplace=True)
  )
  (conv_up5): Sequential(
    (0): ConvTranspose2d(1024, 512, kernel_size=(4, 4), stride=(2, 2), padding=(1, 1))
    (1): ReLU(inplace=True)
  )
  (conv_up4): Sequential(
    (0): ConvTranspose2d(1024, 256, kernel_size=(4, 4), stride=(2, 2), padding=(1, 1))
    (1): ReLU(inplace=True)
  )
  (conv_up3): Sequential(
    (0): ConvTranspose2d(512, 128, kernel_size=(4, 4), stride=(2, 2), padding=(1, 1))
    (1): ReLU(inplace=True)
  )
  (conv_up2): Sequential(
    (0): ConvTranspose2d(256, 64, kernel_size=(4, 4), stride=(2, 2), padding=(1, 1))
    (1): ReLU(inplace=True)
  )
  (conv_last): ConvTranspose2d(128, 5, kernel_size=(4, 4), stride=(2, 2), padding=(1, 1))
)
2020-03-24 18:03:33,707 - root - INFO - Starting Training Loop...
2020-03-24 18:03:33,707 - root - INFO - UNet(
  (conv_down1): Sequential(
    (0): Conv2d(4, 64, kernel_size=(4, 4), stride=(2, 2), padding=(1, 1))
    (1): LeakyReLU(negative_slope=0.01, inplace=True)
  )
  (conv_down2): Sequential(
    (0): Conv2d(64, 128, kernel_size=(4, 4), stride=(2, 2), padding=(1, 1))
    (1): LeakyReLU(negative_slope=0.01, inplace=True)
  )
  (conv_down3): Sequential(
    (0): Conv2d(128, 256, kernel_size=(4, 4), stride=(2, 2), padding=(1, 1))
    (1): LeakyReLU(negative_slope=0.01, inplace=True)
  )
  (conv_down4): Sequential(
    (0): Conv2d(256, 512, kernel_size=(4, 4), stride=(2, 2), padding=(1, 1))
    (1): LeakyReLU(negative_slope=0.01, inplace=True)
  )
  (conv_down5): Sequential(
    (0): Conv2d(512, 512, kernel_size=(4, 4), stride=(2, 2), padding=(1, 1))
    (1): LeakyReLU(negative_slope=0.01, inplace=True)
  )
  (conv_down6): Sequential(
    (0): Conv2d(512, 512, kernel_size=(4, 4), stride=(2, 2), padding=(1, 1))
    (1): LeakyReLU(negative_slope=0.01, inplace=True)
  )
  (conv_up6): Sequential(
    (0): ConvTranspose2d(512, 512, kernel_size=(4, 4), stride=(2, 2), padding=(1, 1))
    (1): ReLU(inplace=True)
  )
  (conv_up5): Sequential(
    (0): ConvTranspose2d(1024, 512, kernel_size=(4, 4), stride=(2, 2), padding=(1, 1))
    (1): ReLU(inplace=True)
  )
  (conv_up4): Sequential(
    (0): ConvTranspose2d(1024, 256, kernel_size=(4, 4), stride=(2, 2), padding=(1, 1))
    (1): ReLU(inplace=True)
  )
  (conv_up3): Sequential(
    (0): ConvTranspose2d(512, 128, kernel_size=(4, 4), stride=(2, 2), padding=(1, 1))
    (1): ReLU(inplace=True)
  )
  (conv_up2): Sequential(
    (0): ConvTranspose2d(256, 64, kernel_size=(4, 4), stride=(2, 2), padding=(1, 1))
    (1): ReLU(inplace=True)
  )
  (conv_last): ConvTranspose2d(128, 5, kernel_size=(4, 4), stride=(2, 2), padding=(1, 1))
)
2020-03-24 18:03:33,708 - root - INFO - Starting Training Loop...
2020-03-24 18:03:33,707 - root - INFO - UNet(
  (conv_down1): Sequential(
    (0): Conv2d(4, 64, kernel_size=(4, 4), stride=(2, 2), padding=(1, 1))
    (1): LeakyReLU(negative_slope=0.01, inplace=True)
  )
  (conv_down2): Sequential(
    (0): Conv2d(64, 128, kernel_size=(4, 4), stride=(2, 2), padding=(1, 1))
    (1): LeakyReLU(negative_slope=0.01, inplace=True)
  )
  (conv_down3): Sequential(
    (0): Conv2d(128, 256, kernel_size=(4, 4), stride=(2, 2), padding=(1, 1))
    (1): LeakyReLU(negative_slope=0.01, inplace=True)
  )
  (conv_down4): Sequential(
    (0): Conv2d(256, 512, kernel_size=(4, 4), stride=(2, 2), padding=(1, 1))
    (1): LeakyReLU(negative_slope=0.01, inplace=True)
  )
  (conv_down5): Sequential(
    (0): Conv2d(512, 512, kernel_size=(4, 4), stride=(2, 2), padding=(1, 1))
    (1): LeakyReLU(negative_slope=0.01, inplace=True)
  )
  (conv_down6): Sequential(
    (0): Conv2d(512, 512, kernel_size=(4, 4), stride=(2, 2), padding=(1, 1))
    (1): LeakyReLU(negative_slope=0.01, inplace=True)
  )
  (conv_up6): Sequential(
    (0): ConvTranspose2d(512, 512, kernel_size=(4, 4), stride=(2, 2), padding=(1, 1))
    (1): ReLU(inplace=True)
  )
  (conv_up5): Sequential(
    (0): ConvTranspose2d(1024, 512, kernel_size=(4, 4), stride=(2, 2), padding=(1, 1))
    (1): ReLU(inplace=True)
  )
  (conv_up4): Sequential(
    (0): ConvTranspose2d(1024, 256, kernel_size=(4, 4), stride=(2, 2), padding=(1, 1))
    (1): ReLU(inplace=True)
  )
  (conv_up3): Sequential(
    (0): ConvTranspose2d(512, 128, kernel_size=(4, 4), stride=(2, 2), padding=(1, 1))
    (1): ReLU(inplace=True)
  )
  (conv_up2): Sequential(
    (0): ConvTranspose2d(256, 64, kernel_size=(4, 4), stride=(2, 2), padding=(1, 1))
    (1): ReLU(inplace=True)
  )
  (conv_last): ConvTranspose2d(128, 5, kernel_size=(4, 4), stride=(2, 2), padding=(1, 1))
)
2020-03-24 18:03:33,708 - root - INFO - Starting Training Loop...
2020-03-24 18:03:33,708 - root - INFO - UNet(
  (conv_down1): Sequential(
    (0): Conv2d(4, 64, kernel_size=(4, 4), stride=(2, 2), padding=(1, 1))
    (1): LeakyReLU(negative_slope=0.01, inplace=True)
  )
  (conv_down2): Sequential(
    (0): Conv2d(64, 128, kernel_size=(4, 4), stride=(2, 2), padding=(1, 1))
    (1): LeakyReLU(negative_slope=0.01, inplace=True)
  )
  (conv_down3): Sequential(
    (0): Conv2d(128, 256, kernel_size=(4, 4), stride=(2, 2), padding=(1, 1))
    (1): LeakyReLU(negative_slope=0.01, inplace=True)
  )
  (conv_down4): Sequential(
    (0): Conv2d(256, 512, kernel_size=(4, 4), stride=(2, 2), padding=(1, 1))
    (1): LeakyReLU(negative_slope=0.01, inplace=True)
  )
  (conv_down5): Sequential(
    (0): Conv2d(512, 512, kernel_size=(4, 4), stride=(2, 2), padding=(1, 1))
    (1): LeakyReLU(negative_slope=0.01, inplace=True)
  )
  (conv_down6): Sequential(
    (0): Conv2d(512, 512, kernel_size=(4, 4), stride=(2, 2), padding=(1, 1))
    (1): LeakyReLU(negative_slope=0.01, inplace=True)
  )
  (conv_up6): Sequential(
    (0): ConvTranspose2d(512, 512, kernel_size=(4, 4), stride=(2, 2), padding=(1, 1))
    (1): ReLU(inplace=True)
  )
  (conv_up5): Sequential(
    (0): ConvTranspose2d(1024, 512, kernel_size=(4, 4), stride=(2, 2), padding=(1, 1))
    (1): ReLU(inplace=True)
  )
  (conv_up4): Sequential(
    (0): ConvTranspose2d(1024, 256, kernel_size=(4, 4), stride=(2, 2), padding=(1, 1))
    (1): ReLU(inplace=True)
  )
  (conv_up3): Sequential(
    (0): ConvTranspose2d(512, 128, kernel_size=(4, 4), stride=(2, 2), padding=(1, 1))
    (1): ReLU(inplace=True)
  )
  (conv_up2): Sequential(
    (0): ConvTranspose2d(256, 64, kernel_size=(4, 4), stride=(2, 2), padding=(1, 1))
    (1): ReLU(inplace=True)
  )
  (conv_last): ConvTranspose2d(128, 5, kernel_size=(4, 4), stride=(2, 2), padding=(1, 1))
)
2020-03-24 18:03:33,709 - root - INFO - Starting Training Loop...
2020-03-24 18:03:33,708 - root - INFO - UNet(
  (conv_down1): Sequential(
    (0): Conv2d(4, 64, kernel_size=(4, 4), stride=(2, 2), padding=(1, 1))
    (1): LeakyReLU(negative_slope=0.01, inplace=True)
  )
  (conv_down2): Sequential(
    (0): Conv2d(64, 128, kernel_size=(4, 4), stride=(2, 2), padding=(1, 1))
    (1): LeakyReLU(negative_slope=0.01, inplace=True)
  )
  (conv_down3): Sequential(
    (0): Conv2d(128, 256, kernel_size=(4, 4), stride=(2, 2), padding=(1, 1))
    (1): LeakyReLU(negative_slope=0.01, inplace=True)
  )
  (conv_down4): Sequential(
    (0): Conv2d(256, 512, kernel_size=(4, 4), stride=(2, 2), padding=(1, 1))
    (1): LeakyReLU(negative_slope=0.01, inplace=True)
  )
  (conv_down5): Sequential(
    (0): Conv2d(512, 512, kernel_size=(4, 4), stride=(2, 2), padding=(1, 1))
    (1): LeakyReLU(negative_slope=0.01, inplace=True)
  )
  (conv_down6): Sequential(
    (0): Conv2d(512, 512, kernel_size=(4, 4), stride=(2, 2), padding=(1, 1))
    (1): LeakyReLU(negative_slope=0.01, inplace=True)
  )
  (conv_up6): Sequential(
    (0): ConvTranspose2d(512, 512, kernel_size=(4, 4), stride=(2, 2), padding=(1, 1))
    (1): ReLU(inplace=True)
  )
  (conv_up5): Sequential(
    (0): ConvTranspose2d(1024, 512, kernel_size=(4, 4), stride=(2, 2), padding=(1, 1))
    (1): ReLU(inplace=True)
  )
  (conv_up4): Sequential(
    (0): ConvTranspose2d(1024, 256, kernel_size=(4, 4), stride=(2, 2), padding=(1, 1))
    (1): ReLU(inplace=True)
  )
  (conv_up3): Sequential(
    (0): ConvTranspose2d(512, 128, kernel_size=(4, 4), stride=(2, 2), padding=(1, 1))
    (1): ReLU(inplace=True)
  )
  (conv_up2): Sequential(
    (0): ConvTranspose2d(256, 64, kernel_size=(4, 4), stride=(2, 2), padding=(1, 1))
    (1): ReLU(inplace=True)
  )
  (conv_last): ConvTranspose2d(128, 5, kernel_size=(4, 4), stride=(2, 2), padding=(1, 1))
)
2020-03-24 18:03:33,709 - root - INFO - Starting Training Loop...
2020-03-24 21:03:10,675 - root - INFO - ------------------ Configuration ------------------
2020-03-24 21:03:10,675 - root - INFO - ------------------ Configuration ------------------
2020-03-24 21:03:10,675 - root - INFO - ------------------ Configuration ------------------
2020-03-24 21:03:10,675 - root - INFO - ------------------ Configuration ------------------
2020-03-24 21:03:10,693 - root - INFO - Configuration file: /global/u1/j/jpathak/DDP_UNet/config/UNet.yaml
2020-03-24 21:03:10,675 - root - INFO - ------------------ Configuration ------------------
2020-03-24 21:03:10,675 - root - INFO - ------------------ Configuration ------------------
2020-03-24 21:03:10,675 - root - INFO - ------------------ Configuration ------------------
2020-03-24 21:03:10,707 - root - INFO - Configuration name: default
2020-03-24 21:03:10,707 - root - INFO - Configuration file: /global/u1/j/jpathak/DDP_UNet/config/UNet.yaml
2020-03-24 21:03:10,693 - root - INFO - Configuration file: /global/u1/j/jpathak/DDP_UNet/config/UNet.yaml
2020-03-24 21:03:10,708 - root - INFO - Configuration file: /global/u1/j/jpathak/DDP_UNet/config/UNet.yaml
2020-03-24 21:03:10,693 - root - INFO - Configuration file: /global/u1/j/jpathak/DDP_UNet/config/UNet.yaml
2020-03-24 21:03:10,708 - root - INFO - Configuration name: default
2020-03-24 21:03:10,708 - root - INFO - Configuration name: default
2020-03-24 21:03:10,707 - root - INFO - Configuration file: /global/u1/j/jpathak/DDP_UNet/config/UNet.yaml
2020-03-24 21:03:10,675 - root - INFO - ------------------ Configuration ------------------
2020-03-24 21:03:10,708 - root - INFO - Configuration name: default
2020-03-24 21:03:10,708 - root - INFO - Configuration name: default
2020-03-24 21:03:10,708 - root - INFO - Configuration name: default
2020-03-24 21:03:10,707 - root - INFO - Configuration file: /global/u1/j/jpathak/DDP_UNet/config/UNet.yaml
2020-03-24 21:03:10,708 - root - INFO - Configuration file: /global/u1/j/jpathak/DDP_UNet/config/UNet.yaml
2020-03-24 21:03:10,708 - root - INFO - Configuration name: default
2020-03-24 21:03:10,708 - root - INFO - Configuration name: default
2020-03-24 21:03:10,712 - root - INFO - weight_init ordereddict([('conv_init', 'normal'), ('conv_scale', 0.02), ('conv_bias', 0.0)])
2020-03-24 21:03:10,712 - root - INFO - lr 0.0001
2020-03-24 21:03:10,712 - root - INFO - data_path /global/cscratch1/sd/jpathak/rbc2d/rbcTrainingData.h5
2020-03-24 21:03:10,712 - root - INFO - ngpu 1
2020-03-24 21:03:10,712 - root - INFO - num_epochs 2
2020-03-24 21:03:10,712 - root - INFO - weight_init ordereddict([('conv_init', 'normal'), ('conv_scale', 0.02), ('conv_bias', 0.0)])
2020-03-24 21:03:10,712 - root - INFO - num_data_workers 1
2020-03-24 21:03:10,712 - root - INFO - LAMBDA_2 0.01
2020-03-24 21:03:10,712 - root - INFO - lr 0.0001
2020-03-24 21:03:10,712 - root - INFO - N_out_channels 5
2020-03-24 21:03:10,712 - root - INFO - data_path /global/cscratch1/sd/jpathak/rbc2d/rbcTrainingData.h5
2020-03-24 21:03:10,712 - root - INFO - batch_size 1
2020-03-24 21:03:10,712 - root - INFO - ngpu 1
2020-03-24 21:03:10,712 - root - INFO - ---------------------------------------------------
2020-03-24 21:03:10,712 - root - INFO - weight_init ordereddict([('conv_init', 'normal'), ('conv_scale', 0.02), ('conv_bias', 0.0)])
2020-03-24 21:03:10,712 - root - INFO - num_epochs 2
2020-03-24 21:03:10,712 - root - INFO - lr 0.0001
2020-03-24 21:03:10,712 - root - INFO - weight_init ordereddict([('conv_init', 'normal'), ('conv_scale', 0.02), ('conv_bias', 0.0)])
2020-03-24 21:03:10,712 - root - INFO - num_data_workers 1
2020-03-24 21:03:10,712 - root - INFO - data_path /global/cscratch1/sd/jpathak/rbc2d/rbcTrainingData.h5
2020-03-24 21:03:10,712 - root - INFO - LAMBDA_2 0.01
2020-03-24 21:03:10,712 - root - INFO - lr 0.0001
2020-03-24 21:03:10,712 - root - INFO - ngpu 1
2020-03-24 21:03:10,712 - root - INFO - N_out_channels 5
2020-03-24 21:03:10,712 - root - INFO - num_epochs 2
2020-03-24 21:03:10,712 - root - INFO - data_path /global/cscratch1/sd/jpathak/rbc2d/rbcTrainingData.h5
2020-03-24 21:03:10,712 - root - INFO - weight_init ordereddict([('conv_init', 'normal'), ('conv_scale', 0.02), ('conv_bias', 0.0)])
2020-03-24 21:03:10,712 - root - INFO - num_data_workers 1
2020-03-24 21:03:10,712 - root - INFO - batch_size 1
2020-03-24 21:03:10,712 - root - INFO - ngpu 1
2020-03-24 21:03:10,712 - root - INFO - lr 0.0001
2020-03-24 21:03:10,712 - root - INFO - num_epochs 2
2020-03-24 21:03:10,712 - root - INFO - LAMBDA_2 0.01
2020-03-24 21:03:10,712 - root - INFO - ---------------------------------------------------
2020-03-24 21:03:10,712 - root - INFO - N_out_channels 5
2020-03-24 21:03:10,712 - root - INFO - num_data_workers 1
2020-03-24 21:03:10,712 - root - INFO - LAMBDA_2 0.01
2020-03-24 21:03:10,712 - root - INFO - weight_init ordereddict([('conv_init', 'normal'), ('conv_scale', 0.02), ('conv_bias', 0.0)])
2020-03-24 21:03:10,712 - root - INFO - N_out_channels 5
2020-03-24 21:03:10,712 - root - INFO - batch_size 1
2020-03-24 21:03:10,712 - root - INFO - batch_size 1
2020-03-24 21:03:10,712 - root - INFO - lr 0.0001
2020-03-24 21:03:10,712 - root - INFO - ---------------------------------------------------
2020-03-24 21:03:10,712 - root - INFO - ---------------------------------------------------
2020-03-24 21:03:10,712 - root - INFO - data_path /global/cscratch1/sd/jpathak/rbc2d/rbcTrainingData.h5
2020-03-24 21:03:10,713 - root - INFO - data_path /global/cscratch1/sd/jpathak/rbc2d/rbcTrainingData.h5
2020-03-24 21:03:10,712 - root - INFO - weight_init ordereddict([('conv_init', 'normal'), ('conv_scale', 0.02), ('conv_bias', 0.0)])
2020-03-24 21:03:10,713 - root - INFO - ngpu 1
2020-03-24 21:03:10,713 - root - INFO - ngpu 1
2020-03-24 21:03:10,713 - root - INFO - lr 0.0001
2020-03-24 21:03:10,713 - root - INFO - num_epochs 2
2020-03-24 21:03:10,713 - root - INFO - num_epochs 2
2020-03-24 21:03:10,713 - root - INFO - data_path /global/cscratch1/sd/jpathak/rbc2d/rbcTrainingData.h5
2020-03-24 21:03:10,713 - root - INFO - num_data_workers 1
2020-03-24 21:03:10,713 - root - INFO - num_data_workers 1
2020-03-24 21:03:10,713 - root - INFO - ngpu 1
2020-03-24 21:03:10,713 - root - INFO - LAMBDA_2 0.01
2020-03-24 21:03:10,713 - root - INFO - LAMBDA_2 0.01
2020-03-24 21:03:10,713 - root - INFO - num_epochs 2
2020-03-24 21:03:10,713 - root - INFO - N_out_channels 5
2020-03-24 21:03:10,713 - root - INFO - N_out_channels 5
2020-03-24 21:03:10,713 - root - INFO - num_data_workers 1
2020-03-24 21:03:10,713 - root - INFO - batch_size 1
2020-03-24 21:03:10,713 - root - INFO - batch_size 1
2020-03-24 21:03:10,713 - root - INFO - LAMBDA_2 0.01
2020-03-24 21:03:10,713 - root - INFO - ---------------------------------------------------
2020-03-24 21:03:10,713 - root - INFO - N_out_channels 5
2020-03-24 21:03:10,713 - root - INFO - ---------------------------------------------------
2020-03-24 21:03:10,713 - root - INFO - batch_size 1
2020-03-24 21:03:10,713 - root - INFO - ---------------------------------------------------
2020-03-24 21:03:10,713 - root - INFO - weight_init ordereddict([('conv_init', 'normal'), ('conv_scale', 0.02), ('conv_bias', 0.0)])
2020-03-24 21:03:10,713 - root - INFO - lr 0.0001
2020-03-24 21:03:10,713 - root - INFO - data_path /global/cscratch1/sd/jpathak/rbc2d/rbcTrainingData.h5
2020-03-24 21:03:10,713 - root - INFO - ngpu 1
2020-03-24 21:03:10,713 - root - INFO - num_epochs 2
2020-03-24 21:03:10,713 - root - INFO - num_data_workers 1
2020-03-24 21:03:10,713 - root - INFO - LAMBDA_2 0.01
2020-03-24 21:03:10,713 - root - INFO - N_out_channels 5
2020-03-24 21:03:10,713 - root - INFO - batch_size 1
2020-03-24 21:03:10,713 - root - INFO - ---------------------------------------------------
2020-03-24 21:03:10,717 - root - INFO - rank 0, begin data loader init
2020-03-24 21:03:10,717 - root - INFO - rank 0, begin data loader init
2020-03-24 21:03:10,717 - root - INFO - rank 0, begin data loader init
2020-03-24 21:03:10,718 - root - INFO - rank 0, begin data loader init
2020-03-24 21:03:10,718 - root - INFO - rank 0, begin data loader init
2020-03-24 21:03:10,718 - root - INFO - rank 0, begin data loader init
2020-03-24 21:03:10,718 - root - INFO - rank 0, begin data loader init
2020-03-24 21:03:10,718 - root - INFO - rank 0, begin data loader init
2020-03-24 21:03:20,901 - root - INFO - rank 0, data loader initialized
2020-03-24 21:03:20,902 - root - INFO - rank 0, data loader initialized
2020-03-24 21:03:20,903 - root - INFO - rank 0, data loader initialized
2020-03-24 21:03:20,903 - root - INFO - rank 0, data loader initialized
2020-03-24 21:03:20,903 - root - INFO - rank 0, data loader initialized
2020-03-24 21:03:20,904 - root - INFO - rank 0, data loader initialized
2020-03-24 21:03:20,904 - root - INFO - rank 0, data loader initialized
2020-03-24 21:03:20,904 - root - INFO - rank 0, data loader initialized
2020-03-24 21:03:30,489 - root - INFO - UNet(
  (conv_down1): Sequential(
    (0): Conv2d(4, 64, kernel_size=(4, 4), stride=(2, 2), padding=(1, 1))
    (1): LeakyReLU(negative_slope=0.01, inplace=True)
  )
  (conv_down2): Sequential(
    (0): Conv2d(64, 128, kernel_size=(4, 4), stride=(2, 2), padding=(1, 1))
    (1): LeakyReLU(negative_slope=0.01, inplace=True)
  )
  (conv_down3): Sequential(
    (0): Conv2d(128, 256, kernel_size=(4, 4), stride=(2, 2), padding=(1, 1))
    (1): LeakyReLU(negative_slope=0.01, inplace=True)
  )
  (conv_down4): Sequential(
    (0): Conv2d(256, 512, kernel_size=(4, 4), stride=(2, 2), padding=(1, 1))
    (1): LeakyReLU(negative_slope=0.01, inplace=True)
  )
  (conv_down5): Sequential(
    (0): Conv2d(512, 512, kernel_size=(4, 4), stride=(2, 2), padding=(1, 1))
    (1): LeakyReLU(negative_slope=0.01, inplace=True)
  )
  (conv_down6): Sequential(
    (0): Conv2d(512, 512, kernel_size=(4, 4), stride=(2, 2), padding=(1, 1))
    (1): LeakyReLU(negative_slope=0.01, inplace=True)
  )
  (conv_up6): Sequential(
    (0): ConvTranspose2d(512, 512, kernel_size=(4, 4), stride=(2, 2), padding=(1, 1))
    (1): ReLU(inplace=True)
  )
  (conv_up5): Sequential(
    (0): ConvTranspose2d(1024, 512, kernel_size=(4, 4), stride=(2, 2), padding=(1, 1))
    (1): ReLU(inplace=True)
  )
  (conv_up4): Sequential(
    (0): ConvTranspose2d(1024, 256, kernel_size=(4, 4), stride=(2, 2), padding=(1, 1))
    (1): ReLU(inplace=True)
  )
  (conv_up3): Sequential(
    (0): ConvTranspose2d(512, 128, kernel_size=(4, 4), stride=(2, 2), padding=(1, 1))
    (1): ReLU(inplace=True)
  )
  (conv_up2): Sequential(
    (0): ConvTranspose2d(256, 64, kernel_size=(4, 4), stride=(2, 2), padding=(1, 1))
    (1): ReLU(inplace=True)
  )
  (conv_last): ConvTranspose2d(128, 5, kernel_size=(4, 4), stride=(2, 2), padding=(1, 1))
)
2020-03-24 21:03:30,490 - root - INFO - Starting Training Loop...
2020-03-24 21:03:30,489 - root - INFO - UNet(
  (conv_down1): Sequential(
    (0): Conv2d(4, 64, kernel_size=(4, 4), stride=(2, 2), padding=(1, 1))
    (1): LeakyReLU(negative_slope=0.01, inplace=True)
  )
  (conv_down2): Sequential(
    (0): Conv2d(64, 128, kernel_size=(4, 4), stride=(2, 2), padding=(1, 1))
    (1): LeakyReLU(negative_slope=0.01, inplace=True)
  )
  (conv_down3): Sequential(
    (0): Conv2d(128, 256, kernel_size=(4, 4), stride=(2, 2), padding=(1, 1))
    (1): LeakyReLU(negative_slope=0.01, inplace=True)
  )
  (conv_down4): Sequential(
    (0): Conv2d(256, 512, kernel_size=(4, 4), stride=(2, 2), padding=(1, 1))
    (1): LeakyReLU(negative_slope=0.01, inplace=True)
  )
  (conv_down5): Sequential(
    (0): Conv2d(512, 512, kernel_size=(4, 4), stride=(2, 2), padding=(1, 1))
    (1): LeakyReLU(negative_slope=0.01, inplace=True)
  )
  (conv_down6): Sequential(
    (0): Conv2d(512, 512, kernel_size=(4, 4), stride=(2, 2), padding=(1, 1))
    (1): LeakyReLU(negative_slope=0.01, inplace=True)
  )
  (conv_up6): Sequential(
    (0): ConvTranspose2d(512, 512, kernel_size=(4, 4), stride=(2, 2), padding=(1, 1))
    (1): ReLU(inplace=True)
  )
  (conv_up5): Sequential(
    (0): ConvTranspose2d(1024, 512, kernel_size=(4, 4), stride=(2, 2), padding=(1, 1))
    (1): ReLU(inplace=True)
  )
  (conv_up4): Sequential(
    (0): ConvTranspose2d(1024, 256, kernel_size=(4, 4), stride=(2, 2), padding=(1, 1))
    (1): ReLU(inplace=True)
  )
  (conv_up3): Sequential(
    (0): ConvTranspose2d(512, 128, kernel_size=(4, 4), stride=(2, 2), padding=(1, 1))
    (1): ReLU(inplace=True)
  )
  (conv_up2): Sequential(
    (0): ConvTranspose2d(256, 64, kernel_size=(4, 4), stride=(2, 2), padding=(1, 1))
    (1): ReLU(inplace=True)
  )
  (conv_last): ConvTranspose2d(128, 5, kernel_size=(4, 4), stride=(2, 2), padding=(1, 1))
)
2020-03-24 21:03:30,490 - root - INFO - Starting Training Loop...
2020-03-24 21:03:30,490 - root - INFO - UNet(
  (conv_down1): Sequential(
    (0): Conv2d(4, 64, kernel_size=(4, 4), stride=(2, 2), padding=(1, 1))
    (1): LeakyReLU(negative_slope=0.01, inplace=True)
  )
  (conv_down2): Sequential(
    (0): Conv2d(64, 128, kernel_size=(4, 4), stride=(2, 2), padding=(1, 1))
    (1): LeakyReLU(negative_slope=0.01, inplace=True)
  )
  (conv_down3): Sequential(
    (0): Conv2d(128, 256, kernel_size=(4, 4), stride=(2, 2), padding=(1, 1))
    (1): LeakyReLU(negative_slope=0.01, inplace=True)
  )
  (conv_down4): Sequential(
    (0): Conv2d(256, 512, kernel_size=(4, 4), stride=(2, 2), padding=(1, 1))
    (1): LeakyReLU(negative_slope=0.01, inplace=True)
  )
  (conv_down5): Sequential(
    (0): Conv2d(512, 512, kernel_size=(4, 4), stride=(2, 2), padding=(1, 1))
    (1): LeakyReLU(negative_slope=0.01, inplace=True)
  )
  (conv_down6): Sequential(
    (0): Conv2d(512, 512, kernel_size=(4, 4), stride=(2, 2), padding=(1, 1))
    (1): LeakyReLU(negative_slope=0.01, inplace=True)
  )
  (conv_up6): Sequential(
    (0): ConvTranspose2d(512, 512, kernel_size=(4, 4), stride=(2, 2), padding=(1, 1))
    (1): ReLU(inplace=True)
  )
  (conv_up5): Sequential(
    (0): ConvTranspose2d(1024, 512, kernel_size=(4, 4), stride=(2, 2), padding=(1, 1))
    (1): ReLU(inplace=True)
  )
  (conv_up4): Sequential(
    (0): ConvTranspose2d(1024, 256, kernel_size=(4, 4), stride=(2, 2), padding=(1, 1))
    (1): ReLU(inplace=True)
  )
  (conv_up3): Sequential(
    (0): ConvTranspose2d(512, 128, kernel_size=(4, 4), stride=(2, 2), padding=(1, 1))
    (1): ReLU(inplace=True)
  )
  (conv_up2): Sequential(
    (0): ConvTranspose2d(256, 64, kernel_size=(4, 4), stride=(2, 2), padding=(1, 1))
    (1): ReLU(inplace=True)
  )
  (conv_last): ConvTranspose2d(128, 5, kernel_size=(4, 4), stride=(2, 2), padding=(1, 1))
)
2020-03-24 21:03:30,490 - root - INFO - Starting Training Loop...
2020-03-24 21:03:30,490 - root - INFO - UNet(
  (conv_down1): Sequential(
    (0): Conv2d(4, 64, kernel_size=(4, 4), stride=(2, 2), padding=(1, 1))
    (1): LeakyReLU(negative_slope=0.01, inplace=True)
  )
  (conv_down2): Sequential(
    (0): Conv2d(64, 128, kernel_size=(4, 4), stride=(2, 2), padding=(1, 1))
    (1): LeakyReLU(negative_slope=0.01, inplace=True)
  )
  (conv_down3): Sequential(
    (0): Conv2d(128, 256, kernel_size=(4, 4), stride=(2, 2), padding=(1, 1))
    (1): LeakyReLU(negative_slope=0.01, inplace=True)
  )
  (conv_down4): Sequential(
    (0): Conv2d(256, 512, kernel_size=(4, 4), stride=(2, 2), padding=(1, 1))
    (1): LeakyReLU(negative_slope=0.01, inplace=True)
  )
  (conv_down5): Sequential(
    (0): Conv2d(512, 512, kernel_size=(4, 4), stride=(2, 2), padding=(1, 1))
    (1): LeakyReLU(negative_slope=0.01, inplace=True)
  )
  (conv_down6): Sequential(
    (0): Conv2d(512, 512, kernel_size=(4, 4), stride=(2, 2), padding=(1, 1))
    (1): LeakyReLU(negative_slope=0.01, inplace=True)
  )
  (conv_up6): Sequential(
    (0): ConvTranspose2d(512, 512, kernel_size=(4, 4), stride=(2, 2), padding=(1, 1))
    (1): ReLU(inplace=True)
  )
  (conv_up5): Sequential(
    (0): ConvTranspose2d(1024, 512, kernel_size=(4, 4), stride=(2, 2), padding=(1, 1))
    (1): ReLU(inplace=True)
  )
  (conv_up4): Sequential(
    (0): ConvTranspose2d(1024, 256, kernel_size=(4, 4), stride=(2, 2), padding=(1, 1))
    (1): ReLU(inplace=True)
  )
  (conv_up3): Sequential(
    (0): ConvTranspose2d(512, 128, kernel_size=(4, 4), stride=(2, 2), padding=(1, 1))
    (1): ReLU(inplace=True)
  )
  (conv_up2): Sequential(
    (0): ConvTranspose2d(256, 64, kernel_size=(4, 4), stride=(2, 2), padding=(1, 1))
    (1): ReLU(inplace=True)
  )
  (conv_last): ConvTranspose2d(128, 5, kernel_size=(4, 4), stride=(2, 2), padding=(1, 1))
)
2020-03-24 21:03:30,491 - root - INFO - Starting Training Loop...
2020-03-24 21:03:30,490 - root - INFO - UNet(
  (conv_down1): Sequential(
    (0): Conv2d(4, 64, kernel_size=(4, 4), stride=(2, 2), padding=(1, 1))
    (1): LeakyReLU(negative_slope=0.01, inplace=True)
  )
  (conv_down2): Sequential(
    (0): Conv2d(64, 128, kernel_size=(4, 4), stride=(2, 2), padding=(1, 1))
    (1): LeakyReLU(negative_slope=0.01, inplace=True)
  )
  (conv_down3): Sequential(
    (0): Conv2d(128, 256, kernel_size=(4, 4), stride=(2, 2), padding=(1, 1))
    (1): LeakyReLU(negative_slope=0.01, inplace=True)
  )
  (conv_down4): Sequential(
    (0): Conv2d(256, 512, kernel_size=(4, 4), stride=(2, 2), padding=(1, 1))
    (1): LeakyReLU(negative_slope=0.01, inplace=True)
  )
  (conv_down5): Sequential(
    (0): Conv2d(512, 512, kernel_size=(4, 4), stride=(2, 2), padding=(1, 1))
    (1): LeakyReLU(negative_slope=0.01, inplace=True)
  )
  (conv_down6): Sequential(
    (0): Conv2d(512, 512, kernel_size=(4, 4), stride=(2, 2), padding=(1, 1))
    (1): LeakyReLU(negative_slope=0.01, inplace=True)
  )
  (conv_up6): Sequential(
    (0): ConvTranspose2d(512, 512, kernel_size=(4, 4), stride=(2, 2), padding=(1, 1))
    (1): ReLU(inplace=True)
  )
  (conv_up5): Sequential(
    (0): ConvTranspose2d(1024, 512, kernel_size=(4, 4), stride=(2, 2), padding=(1, 1))
    (1): ReLU(inplace=True)
  )
  (conv_up4): Sequential(
    (0): ConvTranspose2d(1024, 256, kernel_size=(4, 4), stride=(2, 2), padding=(1, 1))
    (1): ReLU(inplace=True)
  )
  (conv_up3): Sequential(
    (0): ConvTranspose2d(512, 128, kernel_size=(4, 4), stride=(2, 2), padding=(1, 1))
    (1): ReLU(inplace=True)
  )
  (conv_up2): Sequential(
    (0): ConvTranspose2d(256, 64, kernel_size=(4, 4), stride=(2, 2), padding=(1, 1))
    (1): ReLU(inplace=True)
  )
  (conv_last): ConvTranspose2d(128, 5, kernel_size=(4, 4), stride=(2, 2), padding=(1, 1))
)
2020-03-24 21:03:30,491 - root - INFO - Starting Training Loop...
2020-03-24 21:03:30,491 - root - INFO - UNet(
  (conv_down1): Sequential(
    (0): Conv2d(4, 64, kernel_size=(4, 4), stride=(2, 2), padding=(1, 1))
    (1): LeakyReLU(negative_slope=0.01, inplace=True)
  )
  (conv_down2): Sequential(
    (0): Conv2d(64, 128, kernel_size=(4, 4), stride=(2, 2), padding=(1, 1))
    (1): LeakyReLU(negative_slope=0.01, inplace=True)
  )
  (conv_down3): Sequential(
    (0): Conv2d(128, 256, kernel_size=(4, 4), stride=(2, 2), padding=(1, 1))
    (1): LeakyReLU(negative_slope=0.01, inplace=True)
  )
  (conv_down4): Sequential(
    (0): Conv2d(256, 512, kernel_size=(4, 4), stride=(2, 2), padding=(1, 1))
    (1): LeakyReLU(negative_slope=0.01, inplace=True)
  )
  (conv_down5): Sequential(
    (0): Conv2d(512, 512, kernel_size=(4, 4), stride=(2, 2), padding=(1, 1))
    (1): LeakyReLU(negative_slope=0.01, inplace=True)
  )
  (conv_down6): Sequential(
    (0): Conv2d(512, 512, kernel_size=(4, 4), stride=(2, 2), padding=(1, 1))
    (1): LeakyReLU(negative_slope=0.01, inplace=True)
  )
  (conv_up6): Sequential(
    (0): ConvTranspose2d(512, 512, kernel_size=(4, 4), stride=(2, 2), padding=(1, 1))
    (1): ReLU(inplace=True)
  )
  (conv_up5): Sequential(
    (0): ConvTranspose2d(1024, 512, kernel_size=(4, 4), stride=(2, 2), padding=(1, 1))
    (1): ReLU(inplace=True)
  )
  (conv_up4): Sequential(
    (0): ConvTranspose2d(1024, 256, kernel_size=(4, 4), stride=(2, 2), padding=(1, 1))
    (1): ReLU(inplace=True)
  )
  (conv_up3): Sequential(
    (0): ConvTranspose2d(512, 128, kernel_size=(4, 4), stride=(2, 2), padding=(1, 1))
    (1): ReLU(inplace=True)
  )
  (conv_up2): Sequential(
    (0): ConvTranspose2d(256, 64, kernel_size=(4, 4), stride=(2, 2), padding=(1, 1))
    (1): ReLU(inplace=True)
  )
  (conv_last): ConvTranspose2d(128, 5, kernel_size=(4, 4), stride=(2, 2), padding=(1, 1))
)
2020-03-24 21:03:30,491 - root - INFO - Starting Training Loop...
2020-03-24 21:03:30,491 - root - INFO - UNet(
  (conv_down1): Sequential(
    (0): Conv2d(4, 64, kernel_size=(4, 4), stride=(2, 2), padding=(1, 1))
    (1): LeakyReLU(negative_slope=0.01, inplace=True)
  )
  (conv_down2): Sequential(
    (0): Conv2d(64, 128, kernel_size=(4, 4), stride=(2, 2), padding=(1, 1))
    (1): LeakyReLU(negative_slope=0.01, inplace=True)
  )
  (conv_down3): Sequential(
    (0): Conv2d(128, 256, kernel_size=(4, 4), stride=(2, 2), padding=(1, 1))
    (1): LeakyReLU(negative_slope=0.01, inplace=True)
  )
  (conv_down4): Sequential(
    (0): Conv2d(256, 512, kernel_size=(4, 4), stride=(2, 2), padding=(1, 1))
    (1): LeakyReLU(negative_slope=0.01, inplace=True)
  )
  (conv_down5): Sequential(
    (0): Conv2d(512, 512, kernel_size=(4, 4), stride=(2, 2), padding=(1, 1))
    (1): LeakyReLU(negative_slope=0.01, inplace=True)
  )
  (conv_down6): Sequential(
    (0): Conv2d(512, 512, kernel_size=(4, 4), stride=(2, 2), padding=(1, 1))
    (1): LeakyReLU(negative_slope=0.01, inplace=True)
  )
  (conv_up6): Sequential(
    (0): ConvTranspose2d(512, 512, kernel_size=(4, 4), stride=(2, 2), padding=(1, 1))
    (1): ReLU(inplace=True)
  )
  (conv_up5): Sequential(
    (0): ConvTranspose2d(1024, 512, kernel_size=(4, 4), stride=(2, 2), padding=(1, 1))
    (1): ReLU(inplace=True)
  )
  (conv_up4): Sequential(
    (0): ConvTranspose2d(1024, 256, kernel_size=(4, 4), stride=(2, 2), padding=(1, 1))
    (1): ReLU(inplace=True)
  )
  (conv_up3): Sequential(
    (0): ConvTranspose2d(512, 128, kernel_size=(4, 4), stride=(2, 2), padding=(1, 1))
    (1): ReLU(inplace=True)
  )
  (conv_up2): Sequential(
    (0): ConvTranspose2d(256, 64, kernel_size=(4, 4), stride=(2, 2), padding=(1, 1))
    (1): ReLU(inplace=True)
  )
  (conv_last): ConvTranspose2d(128, 5, kernel_size=(4, 4), stride=(2, 2), padding=(1, 1))
)
2020-03-24 21:03:30,491 - root - INFO - UNet(
  (conv_down1): Sequential(
    (0): Conv2d(4, 64, kernel_size=(4, 4), stride=(2, 2), padding=(1, 1))
    (1): LeakyReLU(negative_slope=0.01, inplace=True)
  )
  (conv_down2): Sequential(
    (0): Conv2d(64, 128, kernel_size=(4, 4), stride=(2, 2), padding=(1, 1))
    (1): LeakyReLU(negative_slope=0.01, inplace=True)
  )
  (conv_down3): Sequential(
    (0): Conv2d(128, 256, kernel_size=(4, 4), stride=(2, 2), padding=(1, 1))
    (1): LeakyReLU(negative_slope=0.01, inplace=True)
  )
  (conv_down4): Sequential(
    (0): Conv2d(256, 512, kernel_size=(4, 4), stride=(2, 2), padding=(1, 1))
    (1): LeakyReLU(negative_slope=0.01, inplace=True)
  )
  (conv_down5): Sequential(
    (0): Conv2d(512, 512, kernel_size=(4, 4), stride=(2, 2), padding=(1, 1))
    (1): LeakyReLU(negative_slope=0.01, inplace=True)
  )
  (conv_down6): Sequential(
    (0): Conv2d(512, 512, kernel_size=(4, 4), stride=(2, 2), padding=(1, 1))
    (1): LeakyReLU(negative_slope=0.01, inplace=True)
  )
  (conv_up6): Sequential(
    (0): ConvTranspose2d(512, 512, kernel_size=(4, 4), stride=(2, 2), padding=(1, 1))
    (1): ReLU(inplace=True)
  )
  (conv_up5): Sequential(
    (0): ConvTranspose2d(1024, 512, kernel_size=(4, 4), stride=(2, 2), padding=(1, 1))
    (1): ReLU(inplace=True)
  )
  (conv_up4): Sequential(
    (0): ConvTranspose2d(1024, 256, kernel_size=(4, 4), stride=(2, 2), padding=(1, 1))
    (1): ReLU(inplace=True)
  )
  (conv_up3): Sequential(
    (0): ConvTranspose2d(512, 128, kernel_size=(4, 4), stride=(2, 2), padding=(1, 1))
    (1): ReLU(inplace=True)
  )
  (conv_up2): Sequential(
    (0): ConvTranspose2d(256, 64, kernel_size=(4, 4), stride=(2, 2), padding=(1, 1))
    (1): ReLU(inplace=True)
  )
  (conv_last): ConvTranspose2d(128, 5, kernel_size=(4, 4), stride=(2, 2), padding=(1, 1))
)
2020-03-24 21:03:30,492 - root - INFO - Starting Training Loop...
2020-03-24 21:03:30,492 - root - INFO - Starting Training Loop...
